<?xml version="1.0" encoding="UTF-8"?>
<testsuite xmlns:xsi="http://www.w3.org/2001/XMLSchema-instance" xsi:noNamespaceSchemaLocation="https://maven.apache.org/surefire/maven-surefire-plugin/xsd/surefire-test-report.xsd" name="selenium.AppTest" time="12.219" tests="1" errors="0" skipped="0" failures="1">
  <properties>
[...]
</properties>
  <testcase name="shouldAnswerWithTrue" classname="selenium.AppTest" time="12.185">
    <failure message="expected:&lt;HandBook Devops[]&gt; but was:&lt;HandBook Devops[ - Buscar con Google]&gt;" type="org.junit.ComparisonFailure"><![CDATA[org.junit.ComparisonFailure: expected:<HandBook Devops[]> but was:<HandBook Devops[ - Buscar con Google]>
	at selenium.AppTest.shouldAnswerWithTrue(AppTest.java:40)
]]></failure>
    <system-out><![CDATA[Iniciando configuración...
https://www.amazon.com/
Amazon.com: Compras en Línea de Electrónicos, Ropa, Computadoras, Libros, DVDs y más
Iniciando Pruebas...
]]></system-out>
    <system-err><![CDATA[Starting ChromeDriver 87.0.4280.88 (89e2380a3e36c3464b5dd1302349b1382549290d-refs/branch-heads/4280@{#1761}) on port 30630
Only local connections are allowed.
Please see https://chromedriver.chromium.org/security-considerations for suggestions on keeping ChromeDriver safe.
[1611601681.593][WARNING]: FromSockAddr failed on netmask
ChromeDriver was started successfully.
[1611601684.382][WARNING]: This version of ChromeDriver has not been tested with Chrome version 88.
ene. 25, 2021 4:08:04 P. M. org.openqa.selenium.remote.ProtocolHandshake createSession
INFORMACIÓN: Detected dialect: W3C
]]></system-err>
  </testcase>
</testsuite>